Change Component Designator: Old Designator=C6 New Designator=C?
Change Component Designator: Old Designator=C7 New Designator=C?
Change Component Designator: Old Designator=K1 New Designator=K?
Change Component Designator: Old Designator=K2 New Designator=K?
Change Component Designator: Old Designator=K3 New Designator=K?
Change Component Designator: Old Designator=K4 New Designator=K?
Change Component Designator: Old Designator=K5 New Designator=K?
Change Component Designator: Old Designator=K6 New Designator=K?
Change Component Designator: Old Designator=K7 New Designator=K?
Change Component Designator: Old Designator=K8 New Designator=K?
Change Component Designator: Old Designator=K9 New Designator=K?
Change Component Designator: Old Designator=K10 New Designator=K?
Change Component Designator: Old Designator=K11 New Designator=K?
Change Component Designator: Old Designator=K12 New Designator=K?
Change Component Designator: Old Designator=K13 New Designator=K?
Change Component Designator: Old Designator=K14 New Designator=K?
Change Component Designator: Old Designator=K15 New Designator=K?
Change Component Designator: Old Designator=K16 New Designator=K?
Change Component Designator: Old Designator=K17 New Designator=K?
Change Component Designator: Old Designator=K18 New Designator=K?
Change Component Designator: Old Designator=K19 New Designator=K?
Change Component Designator: Old Designator=K20 New Designator=K?
Change Component Designator: Old Designator=K21 New Designator=K?
Change Component Designator: Old Designator=K22 New Designator=K?
Change Component Designator: Old Designator=K23 New Designator=K?
Change Component Designator: Old Designator=K24 New Designator=K?
Change Component Designator: Old Designator=K25 New Designator=K?
Change Component Designator: Old Designator=K26 New Designator=K?
Change Component Designator: Old Designator=K27 New Designator=K?
Change Component Designator: Old Designator=K28 New Designator=K?
Change Component Designator: Old Designator=K29 New Designator=K?
Change Component Designator: Old Designator=K30 New Designator=K?
Change Component Designator: Old Designator=K31 New Designator=K?
Change Component Designator: Old Designator=K32 New Designator=K?
Change Component Designator: Old Designator=R7 New Designator=R?
Change Component Designator: Old Designator=R8 New Designator=R?
Change Component Designator: Old Designator=R9 New Designator=R?
Change Component Designator: Old Designator=R10 New Designator=R?
Change Component Designator: Old Designator=R11 New Designator=R?
Change Component Designator: Old Designator=R12 New Designator=R?
Change Component Designator: Old Designator=R13 New Designator=R?
Change Component Designator: Old Designator=R46 New Designator=R?
Change Component Designator: Old Designator=R47 New Designator=R?
Change Component Designator: Old Designator=R48 New Designator=R?
Change Component Designator: Old Designator=R49 New Designator=R?
Change Component Designator: Old Designator=R50 New Designator=R?
Change Component Designator: Old Designator=R51 New Designator=R?
Change Component Designator: Old Designator=R52 New Designator=R?
Change Component Designator: Old Designator=R53 New Designator=R?
Change Component Designator: Old Designator=R54 New Designator=R?
Change Component Designator: Old Designator=R55 New Designator=R?
Change Component Designator: Old Designator=R56 New Designator=R?
Change Component Designator: Old Designator=R57 New Designator=R?
Change Component Designator: Old Designator=R58 New Designator=R?
Change Component Designator: Old Designator=R59 New Designator=R?
Change Component Designator: Old Designator=R60 New Designator=R?
Change Component Designator: Old Designator=R61 New Designator=R?
Change Component Designator: Old Designator=R62 New Designator=R?
Change Component Designator: Old Designator=R63 New Designator=R?
Change Component Designator: Old Designator=R64 New Designator=R?
Change Component Designator: Old Designator=R65 New Designator=R?
Change Component Designator: Old Designator=R66 New Designator=R?
Change Component Designator: Old Designator=R67 New Designator=R?
Change Component Designator: Old Designator=R68 New Designator=R?
Change Component Designator: Old Designator=R69 New Designator=R?
Change Component Designator: Old Designator=R70 New Designator=R?
Change Component Designator: Old Designator=TP23 New Designator=TP?
Change Component Designator: Old Designator=TP24 New Designator=TP?
Change Component Designator: Old Designator=TP25 New Designator=TP?
Change Component Designator: Old Designator=TP26 New Designator=TP?
Change Component Designator: Old Designator=TP27 New Designator=TP?
Change Component Designator: Old Designator=TP28 New Designator=TP?
Change Component Designator: Old Designator=TP29 New Designator=TP?
Change Component Designator: Old Designator=TP30 New Designator=TP?
Change Component Designator: Old Designator=TP31 New Designator=TP?
Change Component Designator: Old Designator=U5 New Designator=U?
Change Component Designator: Old Designator=U6 New Designator=U?
Change Component Designator: Old Designator=X6 New Designator=X?
Change Component Designator: Old Designator=X7 New Designator=X?
