Change Component Designator: Old Designator=C6 New Designator=C?
Change Component Designator: Old Designator=C7 New Designator=C?
Change Component Designator: Old Designator=K1 New Designator=K?
Change Component Designator: Old Designator=K2 New Designator=K?
Change Component Designator: Old Designator=K3 New Designator=K?
Change Component Designator: Old Designator=K4 New Designator=K?
Change Component Designator: Old Designator=K5 New Designator=K?
Change Component Designator: Old Designator=K6 New Designator=K?
Change Component Designator: Old Designator=K7 New Designator=K?
Change Component Designator: Old Designator=K8 New Designator=K?
Change Component Designator: Old Designator=K9 New Designator=K?
Change Component Designator: Old Designator=K10 New Designator=K?
Change Component Designator: Old Designator=K11 New Designator=K?
Change Component Designator: Old Designator=K12 New Designator=K?
Change Component Designator: Old Designator=K13 New Designator=K?
Change Component Designator: Old Designator=K14 New Designator=K?
Change Component Designator: Old Designator=K15 New Designator=K?
Change Component Designator: Old Designator=K16 New Designator=K?
Change Component Designator: Old Designator=K17 New Designator=K?
Change Component Designator: Old Designator=K18 New Designator=K?
Change Component Designator: Old Designator=K19 New Designator=K?
Change Component Designator: Old Designator=K20 New Designator=K?
Change Component Designator: Old Designator=K21 New Designator=K?
Change Component Designator: Old Designator=K22 New Designator=K?
Change Component Designator: Old Designator=K23 New Designator=K?
Change Component Designator: Old Designator=K24 New Designator=K?
Change Component Designator: Old Designator=K25 New Designator=K?
Change Component Designator: Old Designator=K26 New Designator=K?
Change Component Designator: Old Designator=K27 New Designator=K?
Change Component Designator: Old Designator=K28 New Designator=K?
Change Component Designator: Old Designator=K29 New Designator=K?
Change Component Designator: Old Designator=K30 New Designator=K?
Change Component Designator: Old Designator=K31 New Designator=K?
Change Component Designator: Old Designator=K32 New Designator=K?
Change Component Designator: Old Designator=TP3 New Designator=TP?
Change Component Designator: Old Designator=TP4 New Designator=TP?
Change Component Designator: Old Designator=TP5 New Designator=TP?
Change Component Designator: Old Designator=TP6 New Designator=TP?
Change Component Designator: Old Designator=TP7 New Designator=TP?
Change Component Designator: Old Designator=TP8 New Designator=TP?
Change Component Designator: Old Designator=TP9 New Designator=TP?
Change Component Designator: Old Designator=TP10 New Designator=TP?
Change Component Designator: Old Designator=TP11 New Designator=TP?
Change Component Designator: Old Designator=U3 New Designator=U?
Change Component Designator: Old Designator=U4 New Designator=U?
Change Component Designator: Old Designator=X4 New Designator=X?
Change Component Designator: Old Designator=X5 New Designator=X?
