Added Component: Designator=LED1(0805_LED)
Add component. Clean all parameters for all variants
Added Component: Designator=LED2(0805_LED)
Add component. Clean all parameters for all variants
Added Component: Designator=LED3(0805_LED)
Add component. Clean all parameters for all variants
Added Component: Designator=LED4(0805_LED)
Add component. Clean all parameters for all variants
Added Component: Designator=LED5(0805_LED)
Add component. Clean all parameters for all variants
Added Component: Designator=LED6(0805_LED)
Add component. Clean all parameters for all variants
Added Component: Designator=LED7(0805_LED)
Add component. Clean all parameters for all variants
Added Component: Designator=LED8(0805_LED)
Add component. Clean all parameters for all variants
Added Component: Designator=LED9(0805_LED)
Add component. Clean all parameters for all variants
Added Component: Designator=LED10(0805_LED)
Add component. Clean all parameters for all variants
Added Component: Designator=LED11(0805_LED)
Add component. Clean all parameters for all variants
Added Component: Designator=LED12(0805_LED)
Add component. Clean all parameters for all variants
Added Component: Designator=LED13(0805_LED)
Add component. Clean all parameters for all variants
Added Component: Designator=LED14(0805_LED)
Add component. Clean all parameters for all variants
Added Component: Designator=LED15(0805_LED)
Add component. Clean all parameters for all variants
Added Component: Designator=LED16(0805_LED)
Add component. Clean all parameters for all variants
Added Component: Designator=LED17(0805_LED)
Add component. Clean all parameters for all variants
Added Component: Designator=LED18(0805_LED)
Add component. Clean all parameters for all variants
Added Component: Designator=LED19(0805_LED)
Add component. Clean all parameters for all variants
Added Component: Designator=LED20(0805_LED)
Add component. Clean all parameters for all variants
Added Component: Designator=LED21(0805_LED)
Add component. Clean all parameters for all variants
Added Component: Designator=LED22(0805_LED)
Add component. Clean all parameters for all variants
Added Component: Designator=LED23(0805_LED)
Add component. Clean all parameters for all variants
Added Component: Designator=LED24(0805_LED)
Add component. Clean all parameters for all variants
Added Component: Designator=LED25(0805_LED)
Add component. Clean all parameters for all variants
Added Component: Designator=LED26(0805_LED)
Add component. Clean all parameters for all variants
Added Component: Designator=LED27(0805_LED)
Add component. Clean all parameters for all variants
Added Component: Designator=LED28(0805_LED)
Add component. Clean all parameters for all variants
Added Component: Designator=LED29(0805_LED)
Add component. Clean all parameters for all variants
Added Component: Designator=LED30(0805_LED)
Add component. Clean all parameters for all variants
Added Component: Designator=LED31(0805_LED)
Add component. Clean all parameters for all variants
Added Component: Designator=LED32(0805_LED)
Add component. Clean all parameters for all variants
Added Component: Designator=LED33(0805_LED)
Add component. Clean all parameters for all variants
Added Component: Designator=LED34(0805_LED)
Add component. Clean all parameters for all variants
Added Component: Designator=LED35(0805_LED)
Add component. Clean all parameters for all variants
Added Component: Designator=LED36(0805_LED)
Add component. Clean all parameters for all variants
Added Component: Designator=LED37(0805_LED)
Add component. Clean all parameters for all variants
Added Component: Designator=LED38(0805_LED)
Add component. Clean all parameters for all variants
Added Component: Designator=LED39(0805_LED)
Add component. Clean all parameters for all variants
Added Component: Designator=LED40(0805_LED)
Add component. Clean all parameters for all variants
Added Component: Designator=LED41(0805_LED)
Add component. Clean all parameters for all variants
Added Component: Designator=LED42(0805_LED)
Add component. Clean all parameters for all variants
Added Component: Designator=LED43(0805_LED)
Add component. Clean all parameters for all variants
Added Component: Designator=LED44(0805_LED)
Add component. Clean all parameters for all variants
Added Component: Designator=LED45(0805_LED)
Add component. Clean all parameters for all variants
Added Component: Designator=LED46(0805_LED)
Add component. Clean all parameters for all variants
Added Component: Designator=LED47(0805_LED)
Add component. Clean all parameters for all variants
Added Component: Designator=LED48(0805_LED)
Add component. Clean all parameters for all variants
Added Component: Designator=LED49(0805_LED)
Add component. Clean all parameters for all variants
Added Component: Designator=LED50(0805_LED)
Add component. Clean all parameters for all variants
Added Component: Designator=LED51(0805_LED)
Add component. Clean all parameters for all variants
Added Component: Designator=LED52(0805_LED)
Add component. Clean all parameters for all variants
Added Component: Designator=LED53(0805_LED)
Add component. Clean all parameters for all variants
Added Component: Designator=LED54(0805_LED)
Add component. Clean all parameters for all variants
Added Component: Designator=LED55(0805_LED)
Add component. Clean all parameters for all variants
Added Component: Designator=LED56(0805_LED)
Add component. Clean all parameters for all variants
Added Component: Designator=LED57(0805_LED)
Add component. Clean all parameters for all variants
Added Component: Designator=LED58(0805_LED)
Add component. Clean all parameters for all variants
Added Component: Designator=LED59(0805_LED)
Add component. Clean all parameters for all variants
Added Component: Designator=LED60(0805_LED)
Add component. Clean all parameters for all variants
Added Component: Designator=LED61(0805_LED)
Add component. Clean all parameters for all variants
Added Component: Designator=LED62(0805_LED)
Add component. Clean all parameters for all variants
Added Component: Designator=LED63(0805_LED)
Add component. Clean all parameters for all variants
Added Component: Designator=LED64(0805_LED)
Add component. Clean all parameters for all variants
Added Component: Designator=LED65(0805_LED)
Add component. Clean all parameters for all variants
Added Component: Designator=LED66(0805_LED)
Add component. Clean all parameters for all variants
Added Component: Designator=LED67(0805_LED)
Add component. Clean all parameters for all variants
Added Component: Designator=LED68(0805_LED)
Add component. Clean all parameters for all variants
Added Component: Designator=LED69(0805_LED)
Add component. Clean all parameters for all variants
Added Component: Designator=LED70(0805_LED)
Add component. Clean all parameters for all variants
Added Component: Designator=LED71(0805_LED)
Add component. Clean all parameters for all variants
Added Component: Designator=LED72(0805_LED)
Add component. Clean all parameters for all variants
Added Component: Designator=LED73(0805_LED)
Add component. Clean all parameters for all variants
Added Component: Designator=LED74(0805_LED)
Add component. Clean all parameters for all variants
Added Component: Designator=LED75(0805_LED)
Add component. Clean all parameters for all variants
Added Component: Designator=LED76(0805_LED)
Add component. Clean all parameters for all variants
Added Component: Designator=LED77(0805_LED)
Add component. Clean all parameters for all variants
Added Component: Designator=LED78(0805_LED)
Add component. Clean all parameters for all variants
Added Component: Designator=LED79(0805_LED)
Add component. Clean all parameters for all variants
Added Component: Designator=LED80(0805_LED)
Add component. Clean all parameters for all variants
Added Component: Designator=LED81(0805_LED)
Add component. Clean all parameters for all variants
Added Component: Designator=LED82(0805_LED)
Add component. Clean all parameters for all variants
Added Component: Designator=LED83(0805_LED)
Add component. Clean all parameters for all variants
Added Component: Designator=LED84(0805_LED)
Add component. Clean all parameters for all variants
Added Component: Designator=LED85(0805_LED)
Add component. Clean all parameters for all variants
Added Component: Designator=LED86(0805_LED)
Add component. Clean all parameters for all variants
Added Component: Designator=LED87(0805_LED)
Add component. Clean all parameters for all variants
Added Component: Designator=LED88(0805_LED)
Add component. Clean all parameters for all variants
Added Component: Designator=LED89(0805_LED)
Add component. Clean all parameters for all variants
Added Component: Designator=LED90(0805_LED)
Add component. Clean all parameters for all variants
Added Component: Designator=LED91(0805_LED)
Add component. Clean all parameters for all variants
Added Component: Designator=LED92(0805_LED)
Add component. Clean all parameters for all variants
Added Component: Designator=LED93(0805_LED)
Add component. Clean all parameters for all variants
Added Component: Designator=LED94(0805_LED)
Add component. Clean all parameters for all variants
Added Component: Designator=LED95(0805_LED)
Add component. Clean all parameters for all variants
Added Component: Designator=LED96(0805_LED)
Add component. Clean all parameters for all variants
Added Component: Designator=LED97(0805_LED)
Add component. Clean all parameters for all variants
Added Component: Designator=LED98(0805_LED)
Add component. Clean all parameters for all variants
Added Component: Designator=LED99(0805_LED)
Add component. Clean all parameters for all variants
Added Component: Designator=LED100(0805_LED)
Add component. Clean all parameters for all variants
Added Component: Designator=LED101(0805_LED)
Add component. Clean all parameters for all variants
Added Component: Designator=LED102(0805_LED)
Add component. Clean all parameters for all variants
Added Component: Designator=LED103(0805_LED)
Add component. Clean all parameters for all variants
Added Component: Designator=LED104(0805_LED)
Add component. Clean all parameters for all variants
Added Component: Designator=LED105(0805_LED)
Add component. Clean all parameters for all variants
Added Component: Designator=LED106(0805_LED)
Add component. Clean all parameters for all variants
Added Component: Designator=LED107(0805_LED)
Add component. Clean all parameters for all variants
Added Component: Designator=LED108(0805_LED)
Add component. Clean all parameters for all variants
Added Component: Designator=LED109(0805_LED)
Add component. Clean all parameters for all variants
Added Component: Designator=LED110(0805_LED)
Add component. Clean all parameters for all variants
Added Component: Designator=LED111(0805_LED)
Add component. Clean all parameters for all variants
Added Component: Designator=LED112(0805_LED)
Add component. Clean all parameters for all variants
Added Component: Designator=LED113(0805_LED)
Add component. Clean all parameters for all variants
Added Component: Designator=LED114(0805_LED)
Add component. Clean all parameters for all variants
Added Component: Designator=LED115(0805_LED)
Add component. Clean all parameters for all variants
Added Component: Designator=LED116(0805_LED)
Add component. Clean all parameters for all variants
Added Component: Designator=LED117(0805_LED)
Add component. Clean all parameters for all variants
Added Component: Designator=LED118(0805_LED)
Add component. Clean all parameters for all variants
Added Component: Designator=LED119(0805_LED)
Add component. Clean all parameters for all variants
Added Component: Designator=LED120(0805_LED)
Add component. Clean all parameters for all variants
Added Component: Designator=LED121(0805_LED)
Add component. Clean all parameters for all variants
Added Component: Designator=LED122(0805_LED)
Add component. Clean all parameters for all variants
Added Component: Designator=LED123(0805_LED)
Add component. Clean all parameters for all variants
Added Component: Designator=LED124(0805_LED)
Add component. Clean all parameters for all variants
Added Component: Designator=LED125(0805_LED)
Add component. Clean all parameters for all variants
Added Component: Designator=LED126(0805_LED)
Add component. Clean all parameters for all variants
Added Component: Designator=LED127(0805_LED)
Add component. Clean all parameters for all variants
Added Component: Designator=LED128(0805_LED)
Add component. Clean all parameters for all variants
Added Component: Designator=LED129(0805_LED)
Add component. Clean all parameters for all variants
Added Component: Designator=LED130(0805_LED)
Add component. Clean all parameters for all variants
Added Component: Designator=LED131(0805_LED)
Add component. Clean all parameters for all variants
Added Component: Designator=LED132(0805_LED)
Add component. Clean all parameters for all variants
Added Component: Designator=LED133(0805_LED)
Add component. Clean all parameters for all variants
Added Component: Designator=LED134(0805_LED)
Add component. Clean all parameters for all variants
Added Component: Designator=LED135(0805_LED)
Add component. Clean all parameters for all variants
Added Component: Designator=LED136(0805_LED)
Add component. Clean all parameters for all variants
Added Component: Designator=LED137(0805_LED)
Add component. Clean all parameters for all variants
Added Component: Designator=LED138(0805_LED)
Add component. Clean all parameters for all variants
Added Component: Designator=LED139(0805_LED)
Add component. Clean all parameters for all variants
Added Component: Designator=LED140(0805_LED)
Add component. Clean all parameters for all variants
Added Component: Designator=LED141(0805_LED)
Add component. Clean all parameters for all variants
Added Component: Designator=LED142(0805_LED)
Add component. Clean all parameters for all variants
Added Component: Designator=LED143(0805_LED)
Add component. Clean all parameters for all variants
Added Component: Designator=LED144(0805_LED)
Add component. Clean all parameters for all variants
Added Component: Designator=LED145(0805_LED)
Add component. Clean all parameters for all variants
Added Component: Designator=LED146(0805_LED)
Add component. Clean all parameters for all variants
Added Component: Designator=LED147(0805_LED)
Add component. Clean all parameters for all variants
Added Component: Designator=LED148(0805_LED)
Add component. Clean all parameters for all variants
Added Component: Designator=LED149(0805_LED)
Add component. Clean all parameters for all variants
Added Component: Designator=LED150(0805_LED)
Add component. Clean all parameters for all variants
Added Component: Designator=LED151(0805_LED)
Add component. Clean all parameters for all variants
Added Component: Designator=LED152(0805_LED)
Add component. Clean all parameters for all variants
Added Component: Designator=LED153(0805_LED)
Add component. Clean all parameters for all variants
Added Component: Designator=LED154(0805_LED)
Add component. Clean all parameters for all variants
Added Component: Designator=LED155(0805_LED)
Add component. Clean all parameters for all variants
Added Component: Designator=LED156(0805_LED)
Add component. Clean all parameters for all variants
Added Component: Designator=LED157(0805_LED)
Add component. Clean all parameters for all variants
Added Component: Designator=LED158(0805_LED)
Add component. Clean all parameters for all variants
Added Component: Designator=LED159(0805_LED)
Add component. Clean all parameters for all variants
Added Component: Designator=LED160(0805_LED)
Add component. Clean all parameters for all variants
Added Component: Designator=LED161(0805_LED)
Add component. Clean all parameters for all variants
Added Component: Designator=LED162(0805_LED)
Add component. Clean all parameters for all variants
Added Component: Designator=LED163(0805_LED)
Add component. Clean all parameters for all variants
Added Component: Designator=LED164(0805_LED)
Add component. Clean all parameters for all variants
Added Component: Designator=LED165(0805_LED)
Add component. Clean all parameters for all variants
Added Component: Designator=LED166(0805_LED)
Add component. Clean all parameters for all variants
Added Component: Designator=LED167(0805_LED)
Add component. Clean all parameters for all variants
Added Component: Designator=LED168(0805_LED)
Add component. Clean all parameters for all variants
Added Component: Designator=LED169(0805_LED)
Add component. Clean all parameters for all variants
Added Component: Designator=LED170(0805_LED)
Add component. Clean all parameters for all variants
Added Component: Designator=LED171(0805_LED)
Add component. Clean all parameters for all variants
Added Component: Designator=LED172(0805_LED)
Add component. Clean all parameters for all variants
Added Component: Designator=LED173(0805_LED)
Add component. Clean all parameters for all variants
Added Component: Designator=LED174(0805_LED)
Add component. Clean all parameters for all variants
Added Component: Designator=LED175(0805_LED)
Add component. Clean all parameters for all variants
Added Component: Designator=LED176(0805_LED)
Add component. Clean all parameters for all variants
Added Component: Designator=LED177(0805_LED)
Add component. Clean all parameters for all variants
Added Component: Designator=LED178(0805_LED)
Add component. Clean all parameters for all variants
Added Component: Designator=LED179(0805_LED)
Add component. Clean all parameters for all variants
Added Component: Designator=LED180(0805_LED)
Add component. Clean all parameters for all variants
Added Component: Designator=LED181(0805_LED)
Add component. Clean all parameters for all variants
Added Component: Designator=LED182(0805_LED)
Add component. Clean all parameters for all variants
Added Component: Designator=LED183(0805_LED)
Add component. Clean all parameters for all variants
Added Component: Designator=LED184(0805_LED)
Add component. Clean all parameters for all variants
Added Component: Designator=LED185(0805_LED)
Add component. Clean all parameters for all variants
Added Component: Designator=LED186(0805_LED)
Add component. Clean all parameters for all variants
Added Component: Designator=LED187(0805_LED)
Add component. Clean all parameters for all variants
Added Component: Designator=LED188(0805_LED)
Add component. Clean all parameters for all variants
Added Component: Designator=LED189(0805_LED)
Add component. Clean all parameters for all variants
Added Component: Designator=LED190(0805_LED)
Add component. Clean all parameters for all variants
Added Component: Designator=LED191(0805_LED)
Add component. Clean all parameters for all variants
Added Component: Designator=LED192(0805_LED)
Add component. Clean all parameters for all variants
Added Component: Designator=LED193(0805_LED)
Add component. Clean all parameters for all variants
Added Component: Designator=LED194(0805_LED)
Add component. Clean all parameters for all variants
Added Component: Designator=LED195(0805_LED)
Add component. Clean all parameters for all variants
Added Component: Designator=LED196(0805_LED)
Add component. Clean all parameters for all variants
Added Component: Designator=LED197(0805_LED)
Add component. Clean all parameters for all variants
Added Component: Designator=LED198(0805_LED)
Add component. Clean all parameters for all variants
Added Component: Designator=LED199(0805_LED)
Add component. Clean all parameters for all variants
Added Component: Designator=LED200(0805_LED)
Add component. Clean all parameters for all variants
Added Component: Designator=LED201(0805_LED)
Add component. Clean all parameters for all variants
Added Component: Designator=LED202(0805_LED)
Add component. Clean all parameters for all variants
Added Component: Designator=LED203(0805_LED)
Add component. Clean all parameters for all variants
Added Component: Designator=LED204(0805_LED)
Add component. Clean all parameters for all variants
Added Component: Designator=LED205(0805_LED)
Add component. Clean all parameters for all variants
Added Component: Designator=LED206(0805_LED)
Add component. Clean all parameters for all variants
Added Component: Designator=LED207(0805_LED)
Add component. Clean all parameters for all variants
Added Component: Designator=LED208(0805_LED)
Add component. Clean all parameters for all variants
Added Component: Designator=LED209(0805_LED)
Add component. Clean all parameters for all variants
Added Component: Designator=LED210(0805_LED)
Add component. Clean all parameters for all variants
Added Component: Designator=LED211(0805_LED)
Add component. Clean all parameters for all variants
Added Component: Designator=LED212(0805_LED)
Add component. Clean all parameters for all variants
Added Component: Designator=LED213(0805_LED)
Add component. Clean all parameters for all variants
Added Component: Designator=LED214(0805_LED)
Add component. Clean all parameters for all variants
Added Component: Designator=LED215(0805_LED)
Add component. Clean all parameters for all variants
Added Component: Designator=LED216(0805_LED)
Add component. Clean all parameters for all variants
Added Component: Designator=LED217(0805_LED)
Add component. Clean all parameters for all variants
Added Component: Designator=LED218(0805_LED)
Add component. Clean all parameters for all variants
Added Component: Designator=LED219(0805_LED)
Add component. Clean all parameters for all variants
Added Component: Designator=LED220(0805_LED)
Add component. Clean all parameters for all variants
Added Component: Designator=LED221(0805_LED)
Add component. Clean all parameters for all variants
Added Component: Designator=LED222(0805_LED)
Add component. Clean all parameters for all variants
Added Component: Designator=LED223(0805_LED)
Add component. Clean all parameters for all variants
Added Component: Designator=LED224(0805_LED)
Add component. Clean all parameters for all variants
Added Component: Designator=LED225(0805_LED)
Add component. Clean all parameters for all variants
Added Component: Designator=LED226(0805_LED)
Add component. Clean all parameters for all variants
Added Component: Designator=LED227(0805_LED)
Add component. Clean all parameters for all variants
Added Component: Designator=LED228(0805_LED)
Add component. Clean all parameters for all variants
Added Component: Designator=LED229(0805_LED)
Add component. Clean all parameters for all variants
Added Component: Designator=LED230(0805_LED)
Add component. Clean all parameters for all variants
Added Component: Designator=LED231(0805_LED)
Add component. Clean all parameters for all variants
Added Component: Designator=LED232(0805_LED)
Add component. Clean all parameters for all variants
Added Component: Designator=LED233(0805_LED)
Add component. Clean all parameters for all variants
Added Component: Designator=LED234(0805_LED)
Add component. Clean all parameters for all variants
Added Component: Designator=LED235(0805_LED)
Add component. Clean all parameters for all variants
Added Component: Designator=LED236(0805_LED)
Add component. Clean all parameters for all variants
Added Component: Designator=LED237(0805_LED)
Add component. Clean all parameters for all variants
Added Component: Designator=LED238(0805_LED)
Add component. Clean all parameters for all variants
Added Component: Designator=LED239(0805_LED)
Add component. Clean all parameters for all variants
Added Component: Designator=LED240(0805_LED)
Add component. Clean all parameters for all variants
Added Component: Designator=LED241(0805_LED)
Add component. Clean all parameters for all variants
Added Component: Designator=LED242(0805_LED)
Add component. Clean all parameters for all variants
Added Component: Designator=LED243(0805_LED)
Add component. Clean all parameters for all variants
Added Component: Designator=LED244(0805_LED)
Add component. Clean all parameters for all variants
Added Component: Designator=LED245(0805_LED)
Add component. Clean all parameters for all variants
Added Component: Designator=LED246(0805_LED)
Add component. Clean all parameters for all variants
Added Component: Designator=LED247(0805_LED)
Add component. Clean all parameters for all variants
Added Component: Designator=LED248(0805_LED)
Add component. Clean all parameters for all variants
Added Component: Designator=LED249(0805_LED)
Add component. Clean all parameters for all variants
Added Component: Designator=LED250(0805_LED)
Add component. Clean all parameters for all variants
Added Component: Designator=LED251(0805_LED)
Add component. Clean all parameters for all variants
Added Component: Designator=LED252(0805_LED)
Add component. Clean all parameters for all variants
Added Component: Designator=LED253(0805_LED)
Add component. Clean all parameters for all variants
Added Component: Designator=LED254(0805_LED)
Add component. Clean all parameters for all variants
Added Component: Designator=LED255(0805_LED)
Add component. Clean all parameters for all variants
Added Component: Designator=LED256(0805_LED)
Add component. Clean all parameters for all variants
Added Pin To Net: NetName=NetLED1_1 Pin=LED1-1
Added Pin To Net: NetName=NetLED1_1 Pin=LED2-1
Added Pin To Net: NetName=NetLED1_1 Pin=LED3-1
Added Pin To Net: NetName=NetLED1_1 Pin=LED4-1
Added Pin To Net: NetName=NetLED1_1 Pin=LED5-1
Added Pin To Net: NetName=NetLED1_1 Pin=LED6-1
Added Pin To Net: NetName=NetLED1_1 Pin=LED7-1
Added Pin To Net: NetName=NetLED1_1 Pin=LED8-1
Added Pin To Net: NetName=NetLED1_1 Pin=LED9-1
Added Pin To Net: NetName=NetLED1_1 Pin=LED10-1
Added Pin To Net: NetName=NetLED1_1 Pin=LED11-1
Added Pin To Net: NetName=NetLED1_1 Pin=LED12-1
Added Pin To Net: NetName=NetLED1_1 Pin=LED13-1
Added Pin To Net: NetName=NetLED1_1 Pin=LED14-1
Added Pin To Net: NetName=NetLED1_1 Pin=LED15-1
Added Pin To Net: NetName=NetLED1_1 Pin=LED16-1
Added Net: Name=NetLED1_1
Added Pin To Net: NetName=NetLED1_2 Pin=LED1-2
Added Pin To Net: NetName=NetLED1_2 Pin=LED17-2
Added Pin To Net: NetName=NetLED1_2 Pin=LED33-2
Added Pin To Net: NetName=NetLED1_2 Pin=LED49-2
Added Pin To Net: NetName=NetLED1_2 Pin=LED65-2
Added Pin To Net: NetName=NetLED1_2 Pin=LED81-2
Added Pin To Net: NetName=NetLED1_2 Pin=LED97-2
Added Pin To Net: NetName=NetLED1_2 Pin=LED113-2
Added Pin To Net: NetName=NetLED1_2 Pin=LED129-2
Added Pin To Net: NetName=NetLED1_2 Pin=LED145-2
Added Pin To Net: NetName=NetLED1_2 Pin=LED161-2
Added Pin To Net: NetName=NetLED1_2 Pin=LED177-2
Added Pin To Net: NetName=NetLED1_2 Pin=LED193-2
Added Pin To Net: NetName=NetLED1_2 Pin=LED209-2
Added Pin To Net: NetName=NetLED1_2 Pin=LED225-2
Added Pin To Net: NetName=NetLED1_2 Pin=LED241-2
Added Net: Name=NetLED1_2
Added Pin To Net: NetName=NetLED2_2 Pin=LED2-2
Added Pin To Net: NetName=NetLED2_2 Pin=LED18-2
Added Pin To Net: NetName=NetLED2_2 Pin=LED34-2
Added Pin To Net: NetName=NetLED2_2 Pin=LED50-2
Added Pin To Net: NetName=NetLED2_2 Pin=LED66-2
Added Pin To Net: NetName=NetLED2_2 Pin=LED82-2
Added Pin To Net: NetName=NetLED2_2 Pin=LED98-2
Added Pin To Net: NetName=NetLED2_2 Pin=LED114-2
Added Pin To Net: NetName=NetLED2_2 Pin=LED130-2
Added Pin To Net: NetName=NetLED2_2 Pin=LED146-2
Added Pin To Net: NetName=NetLED2_2 Pin=LED162-2
Added Pin To Net: NetName=NetLED2_2 Pin=LED178-2
Added Pin To Net: NetName=NetLED2_2 Pin=LED194-2
Added Pin To Net: NetName=NetLED2_2 Pin=LED210-2
Added Pin To Net: NetName=NetLED2_2 Pin=LED226-2
Added Pin To Net: NetName=NetLED2_2 Pin=LED242-2
Added Net: Name=NetLED2_2
Added Pin To Net: NetName=NetLED3_2 Pin=LED3-2
Added Pin To Net: NetName=NetLED3_2 Pin=LED19-2
Added Pin To Net: NetName=NetLED3_2 Pin=LED35-2
Added Pin To Net: NetName=NetLED3_2 Pin=LED51-2
Added Pin To Net: NetName=NetLED3_2 Pin=LED67-2
Added Pin To Net: NetName=NetLED3_2 Pin=LED83-2
Added Pin To Net: NetName=NetLED3_2 Pin=LED99-2
Added Pin To Net: NetName=NetLED3_2 Pin=LED115-2
Added Pin To Net: NetName=NetLED3_2 Pin=LED131-2
Added Pin To Net: NetName=NetLED3_2 Pin=LED147-2
Added Pin To Net: NetName=NetLED3_2 Pin=LED163-2
Added Pin To Net: NetName=NetLED3_2 Pin=LED179-2
Added Pin To Net: NetName=NetLED3_2 Pin=LED195-2
Added Pin To Net: NetName=NetLED3_2 Pin=LED211-2
Added Pin To Net: NetName=NetLED3_2 Pin=LED227-2
Added Pin To Net: NetName=NetLED3_2 Pin=LED243-2
Added Net: Name=NetLED3_2
Added Pin To Net: NetName=NetLED4_2 Pin=LED4-2
Added Pin To Net: NetName=NetLED4_2 Pin=LED20-2
Added Pin To Net: NetName=NetLED4_2 Pin=LED36-2
Added Pin To Net: NetName=NetLED4_2 Pin=LED52-2
Added Pin To Net: NetName=NetLED4_2 Pin=LED68-2
Added Pin To Net: NetName=NetLED4_2 Pin=LED84-2
Added Pin To Net: NetName=NetLED4_2 Pin=LED100-2
Added Pin To Net: NetName=NetLED4_2 Pin=LED116-2
Added Pin To Net: NetName=NetLED4_2 Pin=LED132-2
Added Pin To Net: NetName=NetLED4_2 Pin=LED148-2
Added Pin To Net: NetName=NetLED4_2 Pin=LED164-2
Added Pin To Net: NetName=NetLED4_2 Pin=LED180-2
Added Pin To Net: NetName=NetLED4_2 Pin=LED196-2
Added Pin To Net: NetName=NetLED4_2 Pin=LED212-2
Added Pin To Net: NetName=NetLED4_2 Pin=LED228-2
Added Pin To Net: NetName=NetLED4_2 Pin=LED244-2
Added Net: Name=NetLED4_2
Added Pin To Net: NetName=NetLED5_2 Pin=LED5-2
Added Pin To Net: NetName=NetLED5_2 Pin=LED21-2
Added Pin To Net: NetName=NetLED5_2 Pin=LED37-2
Added Pin To Net: NetName=NetLED5_2 Pin=LED53-2
Added Pin To Net: NetName=NetLED5_2 Pin=LED69-2
Added Pin To Net: NetName=NetLED5_2 Pin=LED85-2
Added Pin To Net: NetName=NetLED5_2 Pin=LED101-2
Added Pin To Net: NetName=NetLED5_2 Pin=LED117-2
Added Pin To Net: NetName=NetLED5_2 Pin=LED133-2
Added Pin To Net: NetName=NetLED5_2 Pin=LED149-2
Added Pin To Net: NetName=NetLED5_2 Pin=LED165-2
Added Pin To Net: NetName=NetLED5_2 Pin=LED181-2
Added Pin To Net: NetName=NetLED5_2 Pin=LED197-2
Added Pin To Net: NetName=NetLED5_2 Pin=LED213-2
Added Pin To Net: NetName=NetLED5_2 Pin=LED229-2
Added Pin To Net: NetName=NetLED5_2 Pin=LED245-2
Added Net: Name=NetLED5_2
Added Pin To Net: NetName=NetLED6_2 Pin=LED6-2
Added Pin To Net: NetName=NetLED6_2 Pin=LED22-2
Added Pin To Net: NetName=NetLED6_2 Pin=LED38-2
Added Pin To Net: NetName=NetLED6_2 Pin=LED54-2
Added Pin To Net: NetName=NetLED6_2 Pin=LED70-2
Added Pin To Net: NetName=NetLED6_2 Pin=LED86-2
Added Pin To Net: NetName=NetLED6_2 Pin=LED102-2
Added Pin To Net: NetName=NetLED6_2 Pin=LED118-2
Added Pin To Net: NetName=NetLED6_2 Pin=LED134-2
Added Pin To Net: NetName=NetLED6_2 Pin=LED150-2
Added Pin To Net: NetName=NetLED6_2 Pin=LED166-2
Added Pin To Net: NetName=NetLED6_2 Pin=LED182-2
Added Pin To Net: NetName=NetLED6_2 Pin=LED198-2
Added Pin To Net: NetName=NetLED6_2 Pin=LED214-2
Added Pin To Net: NetName=NetLED6_2 Pin=LED230-2
Added Pin To Net: NetName=NetLED6_2 Pin=LED246-2
Added Net: Name=NetLED6_2
Added Pin To Net: NetName=NetLED7_2 Pin=LED7-2
Added Pin To Net: NetName=NetLED7_2 Pin=LED23-2
Added Pin To Net: NetName=NetLED7_2 Pin=LED39-2
Added Pin To Net: NetName=NetLED7_2 Pin=LED55-2
Added Pin To Net: NetName=NetLED7_2 Pin=LED71-2
Added Pin To Net: NetName=NetLED7_2 Pin=LED87-2
Added Pin To Net: NetName=NetLED7_2 Pin=LED103-2
Added Pin To Net: NetName=NetLED7_2 Pin=LED119-2
Added Pin To Net: NetName=NetLED7_2 Pin=LED135-2
Added Pin To Net: NetName=NetLED7_2 Pin=LED151-2
Added Pin To Net: NetName=NetLED7_2 Pin=LED167-2
Added Pin To Net: NetName=NetLED7_2 Pin=LED183-2
Added Pin To Net: NetName=NetLED7_2 Pin=LED199-2
Added Pin To Net: NetName=NetLED7_2 Pin=LED215-2
Added Pin To Net: NetName=NetLED7_2 Pin=LED231-2
Added Pin To Net: NetName=NetLED7_2 Pin=LED247-2
Added Net: Name=NetLED7_2
Added Pin To Net: NetName=NetLED8_2 Pin=LED8-2
Added Pin To Net: NetName=NetLED8_2 Pin=LED24-2
Added Pin To Net: NetName=NetLED8_2 Pin=LED40-2
Added Pin To Net: NetName=NetLED8_2 Pin=LED56-2
Added Pin To Net: NetName=NetLED8_2 Pin=LED72-2
Added Pin To Net: NetName=NetLED8_2 Pin=LED88-2
Added Pin To Net: NetName=NetLED8_2 Pin=LED104-2
Added Pin To Net: NetName=NetLED8_2 Pin=LED120-2
Added Pin To Net: NetName=NetLED8_2 Pin=LED136-2
Added Pin To Net: NetName=NetLED8_2 Pin=LED152-2
Added Pin To Net: NetName=NetLED8_2 Pin=LED168-2
Added Pin To Net: NetName=NetLED8_2 Pin=LED184-2
Added Pin To Net: NetName=NetLED8_2 Pin=LED200-2
Added Pin To Net: NetName=NetLED8_2 Pin=LED216-2
Added Pin To Net: NetName=NetLED8_2 Pin=LED232-2
Added Pin To Net: NetName=NetLED8_2 Pin=LED248-2
Added Net: Name=NetLED8_2
Added Pin To Net: NetName=NetLED9_2 Pin=LED9-2
Added Pin To Net: NetName=NetLED9_2 Pin=LED25-2
Added Pin To Net: NetName=NetLED9_2 Pin=LED41-2
Added Pin To Net: NetName=NetLED9_2 Pin=LED57-2
Added Pin To Net: NetName=NetLED9_2 Pin=LED73-2
Added Pin To Net: NetName=NetLED9_2 Pin=LED89-2
Added Pin To Net: NetName=NetLED9_2 Pin=LED105-2
Added Pin To Net: NetName=NetLED9_2 Pin=LED121-2
Added Pin To Net: NetName=NetLED9_2 Pin=LED137-2
Added Pin To Net: NetName=NetLED9_2 Pin=LED153-2
Added Pin To Net: NetName=NetLED9_2 Pin=LED169-2
Added Pin To Net: NetName=NetLED9_2 Pin=LED185-2
Added Pin To Net: NetName=NetLED9_2 Pin=LED201-2
Added Pin To Net: NetName=NetLED9_2 Pin=LED217-2
Added Pin To Net: NetName=NetLED9_2 Pin=LED233-2
Added Pin To Net: NetName=NetLED9_2 Pin=LED249-2
Added Net: Name=NetLED9_2
Added Pin To Net: NetName=NetLED10_2 Pin=LED10-2
Added Pin To Net: NetName=NetLED10_2 Pin=LED26-2
Added Pin To Net: NetName=NetLED10_2 Pin=LED42-2
Added Pin To Net: NetName=NetLED10_2 Pin=LED58-2
Added Pin To Net: NetName=NetLED10_2 Pin=LED74-2
Added Pin To Net: NetName=NetLED10_2 Pin=LED90-2
Added Pin To Net: NetName=NetLED10_2 Pin=LED106-2
Added Pin To Net: NetName=NetLED10_2 Pin=LED122-2
Added Pin To Net: NetName=NetLED10_2 Pin=LED138-2
Added Pin To Net: NetName=NetLED10_2 Pin=LED154-2
Added Pin To Net: NetName=NetLED10_2 Pin=LED170-2
Added Pin To Net: NetName=NetLED10_2 Pin=LED186-2
Added Pin To Net: NetName=NetLED10_2 Pin=LED202-2
Added Pin To Net: NetName=NetLED10_2 Pin=LED218-2
Added Pin To Net: NetName=NetLED10_2 Pin=LED234-2
Added Pin To Net: NetName=NetLED10_2 Pin=LED250-2
Added Net: Name=NetLED10_2
Added Pin To Net: NetName=NetLED11_2 Pin=LED11-2
Added Pin To Net: NetName=NetLED11_2 Pin=LED27-2
Added Pin To Net: NetName=NetLED11_2 Pin=LED43-2
Added Pin To Net: NetName=NetLED11_2 Pin=LED59-2
Added Pin To Net: NetName=NetLED11_2 Pin=LED75-2
Added Pin To Net: NetName=NetLED11_2 Pin=LED91-2
Added Pin To Net: NetName=NetLED11_2 Pin=LED107-2
Added Pin To Net: NetName=NetLED11_2 Pin=LED123-2
Added Pin To Net: NetName=NetLED11_2 Pin=LED139-2
Added Pin To Net: NetName=NetLED11_2 Pin=LED155-2
Added Pin To Net: NetName=NetLED11_2 Pin=LED171-2
Added Pin To Net: NetName=NetLED11_2 Pin=LED187-2
Added Pin To Net: NetName=NetLED11_2 Pin=LED203-2
Added Pin To Net: NetName=NetLED11_2 Pin=LED219-2
Added Pin To Net: NetName=NetLED11_2 Pin=LED235-2
Added Pin To Net: NetName=NetLED11_2 Pin=LED251-2
Added Net: Name=NetLED11_2
Added Pin To Net: NetName=NetLED12_2 Pin=LED12-2
Added Pin To Net: NetName=NetLED12_2 Pin=LED28-2
Added Pin To Net: NetName=NetLED12_2 Pin=LED44-2
Added Pin To Net: NetName=NetLED12_2 Pin=LED60-2
Added Pin To Net: NetName=NetLED12_2 Pin=LED76-2
Added Pin To Net: NetName=NetLED12_2 Pin=LED92-2
Added Pin To Net: NetName=NetLED12_2 Pin=LED108-2
Added Pin To Net: NetName=NetLED12_2 Pin=LED124-2
Added Pin To Net: NetName=NetLED12_2 Pin=LED140-2
Added Pin To Net: NetName=NetLED12_2 Pin=LED156-2
Added Pin To Net: NetName=NetLED12_2 Pin=LED172-2
Added Pin To Net: NetName=NetLED12_2 Pin=LED188-2
Added Pin To Net: NetName=NetLED12_2 Pin=LED204-2
Added Pin To Net: NetName=NetLED12_2 Pin=LED220-2
Added Pin To Net: NetName=NetLED12_2 Pin=LED236-2
Added Pin To Net: NetName=NetLED12_2 Pin=LED252-2
Added Net: Name=NetLED12_2
Added Pin To Net: NetName=NetLED13_2 Pin=LED13-2
Added Pin To Net: NetName=NetLED13_2 Pin=LED29-2
Added Pin To Net: NetName=NetLED13_2 Pin=LED45-2
Added Pin To Net: NetName=NetLED13_2 Pin=LED61-2
Added Pin To Net: NetName=NetLED13_2 Pin=LED77-2
Added Pin To Net: NetName=NetLED13_2 Pin=LED93-2
Added Pin To Net: NetName=NetLED13_2 Pin=LED109-2
Added Pin To Net: NetName=NetLED13_2 Pin=LED125-2
Added Pin To Net: NetName=NetLED13_2 Pin=LED141-2
Added Pin To Net: NetName=NetLED13_2 Pin=LED157-2
Added Pin To Net: NetName=NetLED13_2 Pin=LED173-2
Added Pin To Net: NetName=NetLED13_2 Pin=LED189-2
Added Pin To Net: NetName=NetLED13_2 Pin=LED205-2
Added Pin To Net: NetName=NetLED13_2 Pin=LED221-2
Added Pin To Net: NetName=NetLED13_2 Pin=LED237-2
Added Pin To Net: NetName=NetLED13_2 Pin=LED253-2
Added Net: Name=NetLED13_2
Added Pin To Net: NetName=NetLED14_2 Pin=LED14-2
Added Pin To Net: NetName=NetLED14_2 Pin=LED30-2
Added Pin To Net: NetName=NetLED14_2 Pin=LED46-2
Added Pin To Net: NetName=NetLED14_2 Pin=LED62-2
Added Pin To Net: NetName=NetLED14_2 Pin=LED78-2
Added Pin To Net: NetName=NetLED14_2 Pin=LED94-2
Added Pin To Net: NetName=NetLED14_2 Pin=LED110-2
Added Pin To Net: NetName=NetLED14_2 Pin=LED126-2
Added Pin To Net: NetName=NetLED14_2 Pin=LED142-2
Added Pin To Net: NetName=NetLED14_2 Pin=LED158-2
Added Pin To Net: NetName=NetLED14_2 Pin=LED174-2
Added Pin To Net: NetName=NetLED14_2 Pin=LED190-2
Added Pin To Net: NetName=NetLED14_2 Pin=LED206-2
Added Pin To Net: NetName=NetLED14_2 Pin=LED222-2
Added Pin To Net: NetName=NetLED14_2 Pin=LED238-2
Added Pin To Net: NetName=NetLED14_2 Pin=LED254-2
Added Net: Name=NetLED14_2
Added Pin To Net: NetName=NetLED15_2 Pin=LED15-2
Added Pin To Net: NetName=NetLED15_2 Pin=LED31-2
Added Pin To Net: NetName=NetLED15_2 Pin=LED47-2
Added Pin To Net: NetName=NetLED15_2 Pin=LED63-2
Added Pin To Net: NetName=NetLED15_2 Pin=LED79-2
Added Pin To Net: NetName=NetLED15_2 Pin=LED95-2
Added Pin To Net: NetName=NetLED15_2 Pin=LED111-2
Added Pin To Net: NetName=NetLED15_2 Pin=LED127-2
Added Pin To Net: NetName=NetLED15_2 Pin=LED143-2
Added Pin To Net: NetName=NetLED15_2 Pin=LED159-2
Added Pin To Net: NetName=NetLED15_2 Pin=LED175-2
Added Pin To Net: NetName=NetLED15_2 Pin=LED191-2
Added Pin To Net: NetName=NetLED15_2 Pin=LED207-2
Added Pin To Net: NetName=NetLED15_2 Pin=LED223-2
Added Pin To Net: NetName=NetLED15_2 Pin=LED239-2
Added Pin To Net: NetName=NetLED15_2 Pin=LED255-2
Added Net: Name=NetLED15_2
Added Pin To Net: NetName=NetLED16_2 Pin=LED16-2
Added Pin To Net: NetName=NetLED16_2 Pin=LED32-2
Added Pin To Net: NetName=NetLED16_2 Pin=LED48-2
Added Pin To Net: NetName=NetLED16_2 Pin=LED64-2
Added Pin To Net: NetName=NetLED16_2 Pin=LED80-2
Added Pin To Net: NetName=NetLED16_2 Pin=LED96-2
Added Pin To Net: NetName=NetLED16_2 Pin=LED112-2
Added Pin To Net: NetName=NetLED16_2 Pin=LED128-2
Added Pin To Net: NetName=NetLED16_2 Pin=LED144-2
Added Pin To Net: NetName=NetLED16_2 Pin=LED160-2
Added Pin To Net: NetName=NetLED16_2 Pin=LED176-2
Added Pin To Net: NetName=NetLED16_2 Pin=LED192-2
Added Pin To Net: NetName=NetLED16_2 Pin=LED208-2
Added Pin To Net: NetName=NetLED16_2 Pin=LED224-2
Added Pin To Net: NetName=NetLED16_2 Pin=LED240-2
Added Pin To Net: NetName=NetLED16_2 Pin=LED256-2
Added Net: Name=NetLED16_2
Added Pin To Net: NetName=NetLED17_1 Pin=LED17-1
Added Pin To Net: NetName=NetLED17_1 Pin=LED18-1
Added Pin To Net: NetName=NetLED17_1 Pin=LED19-1
Added Pin To Net: NetName=NetLED17_1 Pin=LED20-1
Added Pin To Net: NetName=NetLED17_1 Pin=LED21-1
Added Pin To Net: NetName=NetLED17_1 Pin=LED22-1
Added Pin To Net: NetName=NetLED17_1 Pin=LED23-1
Added Pin To Net: NetName=NetLED17_1 Pin=LED24-1
Added Pin To Net: NetName=NetLED17_1 Pin=LED25-1
Added Pin To Net: NetName=NetLED17_1 Pin=LED26-1
Added Pin To Net: NetName=NetLED17_1 Pin=LED27-1
Added Pin To Net: NetName=NetLED17_1 Pin=LED28-1
Added Pin To Net: NetName=NetLED17_1 Pin=LED29-1
Added Pin To Net: NetName=NetLED17_1 Pin=LED30-1
Added Pin To Net: NetName=NetLED17_1 Pin=LED31-1
Added Pin To Net: NetName=NetLED17_1 Pin=LED32-1
Added Net: Name=NetLED17_1
Added Pin To Net: NetName=NetLED33_1 Pin=LED33-1
Added Pin To Net: NetName=NetLED33_1 Pin=LED34-1
Added Pin To Net: NetName=NetLED33_1 Pin=LED35-1
Added Pin To Net: NetName=NetLED33_1 Pin=LED36-1
Added Pin To Net: NetName=NetLED33_1 Pin=LED37-1
Added Pin To Net: NetName=NetLED33_1 Pin=LED38-1
Added Pin To Net: NetName=NetLED33_1 Pin=LED39-1
Added Pin To Net: NetName=NetLED33_1 Pin=LED40-1
Added Pin To Net: NetName=NetLED33_1 Pin=LED41-1
Added Pin To Net: NetName=NetLED33_1 Pin=LED42-1
Added Pin To Net: NetName=NetLED33_1 Pin=LED43-1
Added Pin To Net: NetName=NetLED33_1 Pin=LED44-1
Added Pin To Net: NetName=NetLED33_1 Pin=LED45-1
Added Pin To Net: NetName=NetLED33_1 Pin=LED46-1
Added Pin To Net: NetName=NetLED33_1 Pin=LED47-1
Added Pin To Net: NetName=NetLED33_1 Pin=LED48-1
Added Net: Name=NetLED33_1
Added Pin To Net: NetName=NetLED49_1 Pin=LED49-1
Added Pin To Net: NetName=NetLED49_1 Pin=LED50-1
Added Pin To Net: NetName=NetLED49_1 Pin=LED51-1
Added Pin To Net: NetName=NetLED49_1 Pin=LED52-1
Added Pin To Net: NetName=NetLED49_1 Pin=LED53-1
Added Pin To Net: NetName=NetLED49_1 Pin=LED54-1
Added Pin To Net: NetName=NetLED49_1 Pin=LED55-1
Added Pin To Net: NetName=NetLED49_1 Pin=LED56-1
Added Pin To Net: NetName=NetLED49_1 Pin=LED57-1
Added Pin To Net: NetName=NetLED49_1 Pin=LED58-1
Added Pin To Net: NetName=NetLED49_1 Pin=LED59-1
Added Pin To Net: NetName=NetLED49_1 Pin=LED60-1
Added Pin To Net: NetName=NetLED49_1 Pin=LED61-1
Added Pin To Net: NetName=NetLED49_1 Pin=LED62-1
Added Pin To Net: NetName=NetLED49_1 Pin=LED63-1
Added Pin To Net: NetName=NetLED49_1 Pin=LED64-1
Added Net: Name=NetLED49_1
Added Pin To Net: NetName=NetLED65_1 Pin=LED65-1
Added Pin To Net: NetName=NetLED65_1 Pin=LED66-1
Added Pin To Net: NetName=NetLED65_1 Pin=LED67-1
Added Pin To Net: NetName=NetLED65_1 Pin=LED68-1
Added Pin To Net: NetName=NetLED65_1 Pin=LED69-1
Added Pin To Net: NetName=NetLED65_1 Pin=LED70-1
Added Pin To Net: NetName=NetLED65_1 Pin=LED71-1
Added Pin To Net: NetName=NetLED65_1 Pin=LED72-1
Added Pin To Net: NetName=NetLED65_1 Pin=LED73-1
Added Pin To Net: NetName=NetLED65_1 Pin=LED74-1
Added Pin To Net: NetName=NetLED65_1 Pin=LED75-1
Added Pin To Net: NetName=NetLED65_1 Pin=LED76-1
Added Pin To Net: NetName=NetLED65_1 Pin=LED77-1
Added Pin To Net: NetName=NetLED65_1 Pin=LED78-1
Added Pin To Net: NetName=NetLED65_1 Pin=LED79-1
Added Pin To Net: NetName=NetLED65_1 Pin=LED80-1
Added Net: Name=NetLED65_1
Added Pin To Net: NetName=NetLED81_1 Pin=LED81-1
Added Pin To Net: NetName=NetLED81_1 Pin=LED82-1
Added Pin To Net: NetName=NetLED81_1 Pin=LED83-1
Added Pin To Net: NetName=NetLED81_1 Pin=LED84-1
Added Pin To Net: NetName=NetLED81_1 Pin=LED85-1
Added Pin To Net: NetName=NetLED81_1 Pin=LED86-1
Added Pin To Net: NetName=NetLED81_1 Pin=LED87-1
Added Pin To Net: NetName=NetLED81_1 Pin=LED88-1
Added Pin To Net: NetName=NetLED81_1 Pin=LED89-1
Added Pin To Net: NetName=NetLED81_1 Pin=LED90-1
Added Pin To Net: NetName=NetLED81_1 Pin=LED91-1
Added Pin To Net: NetName=NetLED81_1 Pin=LED92-1
Added Pin To Net: NetName=NetLED81_1 Pin=LED93-1
Added Pin To Net: NetName=NetLED81_1 Pin=LED94-1
Added Pin To Net: NetName=NetLED81_1 Pin=LED95-1
Added Pin To Net: NetName=NetLED81_1 Pin=LED96-1
Added Net: Name=NetLED81_1
Added Pin To Net: NetName=NetLED97_1 Pin=LED97-1
Added Pin To Net: NetName=NetLED97_1 Pin=LED98-1
Added Pin To Net: NetName=NetLED97_1 Pin=LED99-1
Added Pin To Net: NetName=NetLED97_1 Pin=LED100-1
Added Pin To Net: NetName=NetLED97_1 Pin=LED101-1
Added Pin To Net: NetName=NetLED97_1 Pin=LED102-1
Added Pin To Net: NetName=NetLED97_1 Pin=LED103-1
Added Pin To Net: NetName=NetLED97_1 Pin=LED104-1
Added Pin To Net: NetName=NetLED97_1 Pin=LED105-1
Added Pin To Net: NetName=NetLED97_1 Pin=LED106-1
Added Pin To Net: NetName=NetLED97_1 Pin=LED107-1
Added Pin To Net: NetName=NetLED97_1 Pin=LED108-1
Added Pin To Net: NetName=NetLED97_1 Pin=LED109-1
Added Pin To Net: NetName=NetLED97_1 Pin=LED110-1
Added Pin To Net: NetName=NetLED97_1 Pin=LED111-1
Added Pin To Net: NetName=NetLED97_1 Pin=LED112-1
Added Net: Name=NetLED97_1
Added Pin To Net: NetName=NetLED113_1 Pin=LED113-1
Added Pin To Net: NetName=NetLED113_1 Pin=LED114-1
Added Pin To Net: NetName=NetLED113_1 Pin=LED115-1
Added Pin To Net: NetName=NetLED113_1 Pin=LED116-1
Added Pin To Net: NetName=NetLED113_1 Pin=LED117-1
Added Pin To Net: NetName=NetLED113_1 Pin=LED118-1
Added Pin To Net: NetName=NetLED113_1 Pin=LED119-1
Added Pin To Net: NetName=NetLED113_1 Pin=LED120-1
Added Pin To Net: NetName=NetLED113_1 Pin=LED121-1
Added Pin To Net: NetName=NetLED113_1 Pin=LED122-1
Added Pin To Net: NetName=NetLED113_1 Pin=LED123-1
Added Pin To Net: NetName=NetLED113_1 Pin=LED124-1
Added Pin To Net: NetName=NetLED113_1 Pin=LED125-1
Added Pin To Net: NetName=NetLED113_1 Pin=LED126-1
Added Pin To Net: NetName=NetLED113_1 Pin=LED127-1
Added Pin To Net: NetName=NetLED113_1 Pin=LED128-1
Added Net: Name=NetLED113_1
Added Pin To Net: NetName=NetLED129_1 Pin=LED129-1
Added Pin To Net: NetName=NetLED129_1 Pin=LED130-1
Added Pin To Net: NetName=NetLED129_1 Pin=LED131-1
Added Pin To Net: NetName=NetLED129_1 Pin=LED132-1
Added Pin To Net: NetName=NetLED129_1 Pin=LED133-1
Added Pin To Net: NetName=NetLED129_1 Pin=LED134-1
Added Pin To Net: NetName=NetLED129_1 Pin=LED135-1
Added Pin To Net: NetName=NetLED129_1 Pin=LED136-1
Added Pin To Net: NetName=NetLED129_1 Pin=LED137-1
Added Pin To Net: NetName=NetLED129_1 Pin=LED138-1
Added Pin To Net: NetName=NetLED129_1 Pin=LED139-1
Added Pin To Net: NetName=NetLED129_1 Pin=LED140-1
Added Pin To Net: NetName=NetLED129_1 Pin=LED141-1
Added Pin To Net: NetName=NetLED129_1 Pin=LED142-1
Added Pin To Net: NetName=NetLED129_1 Pin=LED143-1
Added Pin To Net: NetName=NetLED129_1 Pin=LED144-1
Added Net: Name=NetLED129_1
Added Pin To Net: NetName=NetLED145_1 Pin=LED145-1
Added Pin To Net: NetName=NetLED145_1 Pin=LED146-1
Added Pin To Net: NetName=NetLED145_1 Pin=LED147-1
Added Pin To Net: NetName=NetLED145_1 Pin=LED148-1
Added Pin To Net: NetName=NetLED145_1 Pin=LED149-1
Added Pin To Net: NetName=NetLED145_1 Pin=LED150-1
Added Pin To Net: NetName=NetLED145_1 Pin=LED151-1
Added Pin To Net: NetName=NetLED145_1 Pin=LED152-1
Added Pin To Net: NetName=NetLED145_1 Pin=LED153-1
Added Pin To Net: NetName=NetLED145_1 Pin=LED154-1
Added Pin To Net: NetName=NetLED145_1 Pin=LED155-1
Added Pin To Net: NetName=NetLED145_1 Pin=LED156-1
Added Pin To Net: NetName=NetLED145_1 Pin=LED157-1
Added Pin To Net: NetName=NetLED145_1 Pin=LED158-1
Added Pin To Net: NetName=NetLED145_1 Pin=LED159-1
Added Pin To Net: NetName=NetLED145_1 Pin=LED160-1
Added Net: Name=NetLED145_1
Added Pin To Net: NetName=NetLED161_1 Pin=LED161-1
Added Pin To Net: NetName=NetLED161_1 Pin=LED162-1
Added Pin To Net: NetName=NetLED161_1 Pin=LED163-1
Added Pin To Net: NetName=NetLED161_1 Pin=LED164-1
Added Pin To Net: NetName=NetLED161_1 Pin=LED165-1
Added Pin To Net: NetName=NetLED161_1 Pin=LED166-1
Added Pin To Net: NetName=NetLED161_1 Pin=LED167-1
Added Pin To Net: NetName=NetLED161_1 Pin=LED168-1
Added Pin To Net: NetName=NetLED161_1 Pin=LED169-1
Added Pin To Net: NetName=NetLED161_1 Pin=LED170-1
Added Pin To Net: NetName=NetLED161_1 Pin=LED171-1
Added Pin To Net: NetName=NetLED161_1 Pin=LED172-1
Added Pin To Net: NetName=NetLED161_1 Pin=LED173-1
Added Pin To Net: NetName=NetLED161_1 Pin=LED174-1
Added Pin To Net: NetName=NetLED161_1 Pin=LED175-1
Added Pin To Net: NetName=NetLED161_1 Pin=LED176-1
Added Net: Name=NetLED161_1
Added Pin To Net: NetName=NetLED177_1 Pin=LED177-1
Added Pin To Net: NetName=NetLED177_1 Pin=LED178-1
Added Pin To Net: NetName=NetLED177_1 Pin=LED179-1
Added Pin To Net: NetName=NetLED177_1 Pin=LED180-1
Added Pin To Net: NetName=NetLED177_1 Pin=LED181-1
Added Pin To Net: NetName=NetLED177_1 Pin=LED182-1
Added Pin To Net: NetName=NetLED177_1 Pin=LED183-1
Added Pin To Net: NetName=NetLED177_1 Pin=LED184-1
Added Pin To Net: NetName=NetLED177_1 Pin=LED185-1
Added Pin To Net: NetName=NetLED177_1 Pin=LED186-1
Added Pin To Net: NetName=NetLED177_1 Pin=LED187-1
Added Pin To Net: NetName=NetLED177_1 Pin=LED188-1
Added Pin To Net: NetName=NetLED177_1 Pin=LED189-1
Added Pin To Net: NetName=NetLED177_1 Pin=LED190-1
Added Pin To Net: NetName=NetLED177_1 Pin=LED191-1
Added Pin To Net: NetName=NetLED177_1 Pin=LED192-1
Added Net: Name=NetLED177_1
Added Pin To Net: NetName=NetLED193_1 Pin=LED193-1
Added Pin To Net: NetName=NetLED193_1 Pin=LED194-1
Added Pin To Net: NetName=NetLED193_1 Pin=LED195-1
Added Pin To Net: NetName=NetLED193_1 Pin=LED196-1
Added Pin To Net: NetName=NetLED193_1 Pin=LED197-1
Added Pin To Net: NetName=NetLED193_1 Pin=LED198-1
Added Pin To Net: NetName=NetLED193_1 Pin=LED199-1
Added Pin To Net: NetName=NetLED193_1 Pin=LED200-1
Added Pin To Net: NetName=NetLED193_1 Pin=LED201-1
Added Pin To Net: NetName=NetLED193_1 Pin=LED202-1
Added Pin To Net: NetName=NetLED193_1 Pin=LED203-1
Added Pin To Net: NetName=NetLED193_1 Pin=LED204-1
Added Pin To Net: NetName=NetLED193_1 Pin=LED205-1
Added Pin To Net: NetName=NetLED193_1 Pin=LED206-1
Added Pin To Net: NetName=NetLED193_1 Pin=LED207-1
Added Pin To Net: NetName=NetLED193_1 Pin=LED208-1
Added Net: Name=NetLED193_1
Added Pin To Net: NetName=NetLED209_1 Pin=LED209-1
Added Pin To Net: NetName=NetLED209_1 Pin=LED210-1
Added Pin To Net: NetName=NetLED209_1 Pin=LED211-1
Added Pin To Net: NetName=NetLED209_1 Pin=LED212-1
Added Pin To Net: NetName=NetLED209_1 Pin=LED213-1
Added Pin To Net: NetName=NetLED209_1 Pin=LED214-1
Added Pin To Net: NetName=NetLED209_1 Pin=LED215-1
Added Pin To Net: NetName=NetLED209_1 Pin=LED216-1
Added Pin To Net: NetName=NetLED209_1 Pin=LED217-1
Added Pin To Net: NetName=NetLED209_1 Pin=LED218-1
Added Pin To Net: NetName=NetLED209_1 Pin=LED219-1
Added Pin To Net: NetName=NetLED209_1 Pin=LED220-1
Added Pin To Net: NetName=NetLED209_1 Pin=LED221-1
Added Pin To Net: NetName=NetLED209_1 Pin=LED222-1
Added Pin To Net: NetName=NetLED209_1 Pin=LED223-1
Added Pin To Net: NetName=NetLED209_1 Pin=LED224-1
Added Net: Name=NetLED209_1
Added Pin To Net: NetName=NetLED225_1 Pin=LED225-1
Added Pin To Net: NetName=NetLED225_1 Pin=LED226-1
Added Pin To Net: NetName=NetLED225_1 Pin=LED227-1
Added Pin To Net: NetName=NetLED225_1 Pin=LED228-1
Added Pin To Net: NetName=NetLED225_1 Pin=LED229-1
Added Pin To Net: NetName=NetLED225_1 Pin=LED230-1
Added Pin To Net: NetName=NetLED225_1 Pin=LED231-1
Added Pin To Net: NetName=NetLED225_1 Pin=LED232-1
Added Pin To Net: NetName=NetLED225_1 Pin=LED233-1
Added Pin To Net: NetName=NetLED225_1 Pin=LED234-1
Added Pin To Net: NetName=NetLED225_1 Pin=LED235-1
Added Pin To Net: NetName=NetLED225_1 Pin=LED236-1
Added Pin To Net: NetName=NetLED225_1 Pin=LED237-1
Added Pin To Net: NetName=NetLED225_1 Pin=LED238-1
Added Pin To Net: NetName=NetLED225_1 Pin=LED239-1
Added Pin To Net: NetName=NetLED225_1 Pin=LED240-1
Added Net: Name=NetLED225_1
Added Pin To Net: NetName=NetLED241_1 Pin=LED241-1
Added Pin To Net: NetName=NetLED241_1 Pin=LED242-1
Added Pin To Net: NetName=NetLED241_1 Pin=LED243-1
Added Pin To Net: NetName=NetLED241_1 Pin=LED244-1
Added Pin To Net: NetName=NetLED241_1 Pin=LED245-1
Added Pin To Net: NetName=NetLED241_1 Pin=LED246-1
Added Pin To Net: NetName=NetLED241_1 Pin=LED247-1
Added Pin To Net: NetName=NetLED241_1 Pin=LED248-1
Added Pin To Net: NetName=NetLED241_1 Pin=LED249-1
Added Pin To Net: NetName=NetLED241_1 Pin=LED250-1
Added Pin To Net: NetName=NetLED241_1 Pin=LED251-1
Added Pin To Net: NetName=NetLED241_1 Pin=LED252-1
Added Pin To Net: NetName=NetLED241_1 Pin=LED253-1
Added Pin To Net: NetName=NetLED241_1 Pin=LED254-1
Added Pin To Net: NetName=NetLED241_1 Pin=LED255-1
Added Pin To Net: NetName=NetLED241_1 Pin=LED256-1
Added Net: Name=NetLED241_1
Added Class: Name=Sheet1
Added Room: Name=Sheet1
