Removed Member From Class: ClassName=2008_SablierElectronique_SCH Member=LED1
Removed Member From Class: ClassName=2008_SablierElectronique_SCH Member=LED2
Change Component Designator: OldDesignator=D1 NewDesignator=D4
Change Component Designator: OldDesignator=D2 NewDesignator=D5
Change Component Designator: OldDesignator=LED1 NewDesignator=D1
Change Component Designator: OldDesignator=LED2 NewDesignator=D2
Change Component Designator: OldDesignator=LED3 NewDesignator=D3
Change Component Designator: OldDesignator=X1 NewDesignator=X2
Change Component Designator: OldDesignator=X2 NewDesignator=X3
Change Component Designator: OldDesignator=X3 NewDesignator=X4
Change Component Designator: OldDesignator=X4 NewDesignator=X5
Change Component Designator: OldDesignator=X5 NewDesignator=X6
Change Component Designator: OldDesignator=X6 NewDesignator=X7
Change Net Name : Old Net Name=NetD1_A New Net Name=NetD4_A
Change Net Name : Old Net Name=NetD2_1 New Net Name=NetD5_1
Change Net Name : Old Net Name=NetD2_3 New Net Name=NetD5_3
Change Net Name : Old Net Name=NetD2_4 New Net Name=NetD5_4
Change Net Name : Old Net Name=NetD2_6 New Net Name=NetD5_6
Change Net Name : Old Net Name=NetLED1_2 New Net Name=NetD1_2
Change Net Name : Old Net Name=NetLED2_2 New Net Name=NetD2_2
Change Net Name : Old Net Name=NetLED3_2 New Net Name=NetD3_2
Added Member To Class: ClassName=2008_SablierElectronique_SCH Member=Component C2 4.7uF
Added Member To Class: ClassName=2008_SablierElectronique_SCH Member=Component C13 100nF
Added Member To Class: ClassName=2008_SablierElectronique_SCH Member=Component D4 SD0805S040S0R1
Added Member To Class: ClassName=2008_SablierElectronique_SCH Member=Component D5 USBLC6-2P6
Added Member To Class: ClassName=2008_SablierElectronique_SCH Member=Component X2 USB
